# JRE version: Java(TM) SE Runtime Environment (8.0_301-b09) (build 1.8.0_301-b09)
# Java VM: Java HotSpot(TM) 64-Bit Server VM (25.301-b09 mixed mode windows-amd64 compressed oops)
Heap:
 PSYoungGen      total 2606592K, used 403593K [0x0000000719580000, 0x00000007c0000000, 0x00000007c0000000)
  eden space 2482176K, 12% used [0x0000000719580000,0x000000072cd4bae8,0x00000007b0d80000)
  from space 124416K, 67% used [0x00000007b8680000,0x00000007bd8d6b58,0x00000007c0000000)
  to   space 123904K, 0% used [0x00000007b0d80000,0x00000007b0d80000,0x00000007b8680000)
 ParOldGen       total 1884160K, used 194023K [0x00000005cc000000, 0x000000063f000000, 0x0000000719580000)
  object space 1884160K, 10% used [0x00000005cc000000,0x00000005d7d79e20,0x000000063f000000)
 Metaspace       used 64878K, capacity 65765K, committed 66304K, reserved 1105920K
  class space    used 9110K, capacity 9404K, committed 9472K, reserved 1048576K
GC Heap History (10 events):
Event: 16.908 GC heap before
{Heap before GC invocations=7 (full 2):
 PSYoungGen      total 1636352K, used 1566208K [0x0000000719580000, 0x0000000783900000, 0x00000007c0000000)
  eden space 1566208K, 100% used [0x0000000719580000,0x0000000778f00000,0x0000000778f00000)
  from space 70144K, 0% used [0x000000077f480000,0x000000077f480000,0x0000000783900000)
  to   space 87040K, 0% used [0x0000000778f00000,0x0000000778f00000,0x000000077e400000)
 ParOldGen       total 1398272K, used 98028K [0x00000005cc000000, 0x0000000621580000, 0x0000000719580000)
  object space 1398272K, 7% used [0x00000005cc000000,0x00000005d1fbb2c8,0x0000000621580000)
 Metaspace       used 45326K, capacity 45857K, committed 46464K, reserved 1089536K
  class space    used 6233K, capacity 6410K, committed 6528K, reserved 1048576K
Event: 17.024 GC heap after
Heap after GC invocations=7 (full 2):
 PSYoungGen      total 1653248K, used 87032K [0x0000000719580000, 0x00000007ada00000, 0x00000007c0000000)
  eden space 1566208K, 0% used [0x0000000719580000,0x0000000719580000,0x0000000778f00000)
  from space 87040K, 99% used [0x0000000778f00000,0x000000077e3fe3d8,0x000000077e400000)
  to   space 111616K, 0% used [0x00000007a6d00000,0x00000007a6d00000,0x00000007ada00000)
 ParOldGen       total 1398272K, used 123330K [0x00000005cc000000, 0x0000000621580000, 0x0000000719580000)
  object space 1398272K, 8% used [0x00000005cc000000,0x00000005d3870ae8,0x0000000621580000)
 Metaspace       used 45326K, capacity 45857K, committed 46464K, reserved 1089536K
  class space    used 6233K, capacity 6410K, committed 6528K, reserved 1048576K
}
Event: 20.496 GC heap before
{Heap before GC invocations=8 (full 2):
 PSYoungGen      total 1653248K, used 1653240K [0x0000000719580000, 0x00000007ada00000, 0x00000007c0000000)
  eden space 1566208K, 100% used [0x0000000719580000,0x0000000778f00000,0x0000000778f00000)
  from space 87040K, 99% used [0x0000000778f00000,0x000000077e3fe3d8,0x000000077e400000)
  to   space 111616K, 0% used [0x00000007a6d00000,0x00000007a6d00000,0x00000007ada00000)
 ParOldGen       total 1398272K, used 123330K [0x00000005cc000000, 0x0000000621580000, 0x0000000719580000)
  object space 1398272K, 8% used [0x00000005cc000000,0x00000005d3870ae8,0x0000000621580000)
 Metaspace       used 52894K, capacity 53635K, committed 54272K, reserved 1095680K
  class space    used 7129K, capacity 7345K, committed 7424K, reserved 1048576K
Event: 20.537 GC heap after
Heap after GC invocations=8 (full 2):
 PSYoungGen      total 2245120K, used 73321K [0x0000000719580000, 0x00000007ab500000, 0x00000007c0000000)
  eden space 2171392K, 0% used [0x0000000719580000,0x0000000719580000,0x000000079de00000)
  from space 73728K, 99% used [0x00000007a6d00000,0x00000007ab49a6f8,0x00000007ab500000)
  to   space 109056K, 0% used [0x000000079e000000,0x000000079e000000,0x00000007a4a80000)
 ParOldGen       total 1398272K, used 123346K [0x00000005cc000000, 0x0000000621580000, 0x0000000719580000)
  object space 1398272K, 8% used [0x00000005cc000000,0x00000005d3874ae8,0x0000000621580000)
 Metaspace       used 52894K, capacity 53635K, committed 54272K, reserved 1095680K
  class space    used 7129K, capacity 7345K, committed 7424K, reserved 1048576K
}
Event: 22.839 GC heap before
{Heap before GC invocations=9 (full 2):
 PSYoungGen      total 2245120K, used 1026937K [0x0000000719580000, 0x00000007ab500000, 0x00000007c0000000)
  eden space 2171392K, 43% used [0x0000000719580000,0x00000007538c4040,0x000000079de00000)
  from space 73728K, 99% used [0x00000007a6d00000,0x00000007ab49a6f8,0x00000007ab500000)
  to   space 109056K, 0% used [0x000000079e000000,0x000000079e000000,0x00000007a4a80000)
 ParOldGen       total 1398272K, used 123346K [0x00000005cc000000, 0x0000000621580000, 0x0000000719580000)
  object space 1398272K, 8% used [0x00000005cc000000,0x00000005d3874ae8,0x0000000621580000)
 Metaspace       used 57916K, capacity 58645K, committed 59136K, reserved 1099776K
  class space    used 8218K, capacity 8440K, committed 8448K, reserved 1048576K
Event: 22.899 GC heap after
Heap after GC invocations=9 (full 2):
 PSYoungGen      total 2282496K, used 108535K [0x0000000719580000, 0x00000007c0000000, 0x00000007c0000000)
  eden space 2173440K, 0% used [0x0000000719580000,0x0000000719580000,0x000000079e000000)
  from space 109056K, 99% used [0x000000079e000000,0x00000007a49fdfe0,0x00000007a4a80000)
  to   space 124416K, 0% used [0x00000007b8680000,0x00000007b8680000,0x00000007c0000000)
 ParOldGen       total 1398272K, used 123354K [0x00000005cc000000, 0x0000000621580000, 0x0000000719580000)
  object space 1398272K, 8% used [0x00000005cc000000,0x00000005d3876ae8,0x0000000621580000)
 Metaspace       used 57916K, capacity 58645K, committed 59136K, reserved 1099776K
  class space    used 8218K, capacity 8440K, committed 8448K, reserved 1048576K
}
Event: 22.899 GC heap before
{Heap before GC invocations=10 (full 3):
 PSYoungGen      total 2282496K, used 108535K [0x0000000719580000, 0x00000007c0000000, 0x00000007c0000000)
  eden space 2173440K, 0% used [0x0000000719580000,0x0000000719580000,0x000000079e000000)
  from space 109056K, 99% used [0x000000079e000000,0x00000007a49fdfe0,0x00000007a4a80000)
  to   space 124416K, 0% used [0x00000007b8680000,0x00000007b8680000,0x00000007c0000000)
 ParOldGen       total 1398272K, used 123354K [0x00000005cc000000, 0x0000000621580000, 0x0000000719580000)
  object space 1398272K, 8% used [0x00000005cc000000,0x00000005d3876ae8,0x0000000621580000)
 Metaspace       used 57916K, capacity 58645K, committed 59136K, reserved 1099776K
  class space    used 8218K, capacity 8440K, committed 8448K, reserved 1048576K
Event: 23.508 GC heap after
Heap after GC invocations=10 (full 3):
 PSYoungGen      total 2282496K, used 0K [0x0000000719580000, 0x00000007c0000000, 0x00000007c0000000)
  eden space 2173440K, 0% used [0x0000000719580000,0x0000000719580000,0x000000079e000000)
  from space 109056K, 0% used [0x000000079e000000,0x000000079e000000,0x00000007a4a80000)
  to   space 124416K, 0% used [0x00000007b8680000,0x00000007b8680000,0x00000007c0000000)
 ParOldGen       total 1884160K, used 194015K [0x00000005cc000000, 0x000000063f000000, 0x0000000719580000)
  object space 1884160K, 10% used [0x00000005cc000000,0x00000005d7d77e20,0x000000063f000000)
 Metaspace       used 57916K, capacity 58645K, committed 59136K, reserved 1099776K
  class space    used 8218K, capacity 8440K, committed 8448K, reserved 1048576K
}
Event: 30.749 GC heap before
{Heap before GC invocations=11 (full 3):
 PSYoungGen      total 2282496K, used 2173440K [0x0000000719580000, 0x00000007c0000000, 0x00000007c0000000)
  eden space 2173440K, 100% used [0x0000000719580000,0x000000079e000000,0x000000079e000000)
  from space 109056K, 0% used [0x000000079e000000,0x000000079e000000,0x00000007a4a80000)
  to   space 124416K, 0% used [0x00000007b8680000,0x00000007b8680000,0x00000007c0000000)
 ParOldGen       total 1884160K, used 194015K [0x00000005cc000000, 0x000000063f000000, 0x0000000719580000)
  object space 1884160K, 10% used [0x00000005cc000000,0x00000005d7d77e20,0x000000063f000000)
 Metaspace       used 63939K, capacity 64837K, committed 65408K, reserved 1105920K
  class space    used 9012K, capacity 9308K, committed 9344K, reserved 1048576K
Event: 30.842 GC heap after
Heap after GC invocations=11 (full 3):
 PSYoungGen      total 2606592K, used 84314K [0x0000000719580000, 0x00000007c0000000, 0x00000007c0000000)
  eden space 2482176K, 0% used [0x0000000719580000,0x0000000719580000,0x00000007b0d80000)
  from space 124416K, 67% used [0x00000007b8680000,0x00000007bd8d6b58,0x00000007c0000000)
  to   space 123904K, 0% used [0x00000007b0d80000,0x00000007b0d80000,0x00000007b8680000)
 ParOldGen       total 1884160K, used 194023K [0x00000005cc000000, 0x000000063f000000, 0x0000000719580000)
  object space 1884160K, 10% used [0x00000005cc000000,0x00000005d7d79e20,0x000000063f000000)
 Metaspace       used 63939K, capacity 64837K, committed 65408K, reserved 1105920K
  class space    used 9012K, capacity 9308K, committed 9344K, reserved 1048576K
}

